# JRE version: Java(TM) SE Runtime Environment (17.0.12+8) (build 17.0.12+8-LTS-286)
# Java VM: Java HotSpot(TM) 64-Bit Server VM (17.0.12+8-LTS-286, mixed mode, emulated-client, sharing, tiered, compressed oops, compressed class ptrs, g1 gc, windows-amd64)
GC Precious Log:
 CPUs: 8 total, 8 available
 Memory: 16278M
 Large Page Support: Disabled
 NUMA Support: Disabled
 Compressed Oops: Enabled (Zero based)
 Heap Region Size: 2M
 Heap Min Capacity: 8M
 Heap Initial Capacity: 256M
 Heap Max Capacity: 4070M
 Pre-touch: Disabled
 Parallel Workers: 8
 Concurrent Workers: 2
 Concurrent Refinement Workers: 8
 Periodic GC: Disabled
Heap:
 garbage-first heap   total 212992K, used 131402K [0x0000000701a00000, 0x0000000800000000)
  region size 2048K, 38 young (77824K), 1 survivors (2048K)
 Metaspace       used 115476K, committed 116480K, reserved 1179648K
  class space    used 16357K, committed 16768K, reserved 1048576K
GC Heap History (20 events):
Event: 4226.889 GC heap before
{Heap before GC invocations=74 (full 4):
 garbage-first heap   total 172032K, used 131037K [0x0000000701a00000, 0x0000000800000000)
  region size 2048K, 41 young (83968K), 3 survivors (6144K)
 Metaspace       used 114297K, committed 115136K, reserved 1179648K
  class space    used 16217K, committed 16576K, reserved 1048576K
}
Event: 4226.934 GC heap after
{Heap after GC invocations=75 (full 4):
 garbage-first heap   total 172032K, used 56335K [0x0000000701a00000, 0x0000000800000000)
  region size 2048K, 5 young (10240K), 5 survivors (10240K)
 Metaspace       used 114297K, committed 115136K, reserved 1179648K
  class space    used 16217K, committed 16576K, reserved 1048576K
}
Event: 4227.252 GC heap before
{Heap before GC invocations=75 (full 4):
 garbage-first heap   total 172032K, used 132111K [0x0000000701a00000, 0x0000000800000000)
  region size 2048K, 42 young (86016K), 5 survivors (10240K)
 Metaspace       used 115074K, committed 115904K, reserved 1179648K
  class space    used 16273K, committed 16640K, reserved 1048576K
}
Event: 4227.274 GC heap after
{Heap after GC invocations=76 (full 4):
 garbage-first heap   total 172032K, used 59550K [0x0000000701a00000, 0x0000000800000000)
  region size 2048K, 4 young (8192K), 4 survivors (8192K)
 Metaspace       used 115074K, committed 115904K, reserved 1179648K
  class space    used 16273K, committed 16640K, reserved 1048576K
}
Event: 4374.363 GC heap before
{Heap before GC invocations=77 (full 4):
 garbage-first heap   total 172032K, used 133278K [0x0000000701a00000, 0x0000000800000000)
  region size 2048K, 40 young (81920K), 4 survivors (8192K)
 Metaspace       used 115127K, committed 115968K, reserved 1179648K
  class space    used 16282K, committed 16640K, reserved 1048576K
}
Event: 4374.687 GC heap after
{Heap after GC invocations=78 (full 4):
 garbage-first heap   total 266240K, used 60092K [0x0000000701a00000, 0x0000000800000000)
  region size 2048K, 3 young (6144K), 3 survivors (6144K)
 Metaspace       used 115127K, committed 115968K, reserved 1179648K
  class space    used 16282K, committed 16640K, reserved 1048576K
}
Event: 4831.620 GC heap before
{Heap before GC invocations=78 (full 4):
 garbage-first heap   total 266240K, used 160444K [0x0000000701a00000, 0x0000000800000000)
  region size 2048K, 52 young (106496K), 3 survivors (6144K)
 Metaspace       used 115127K, committed 115968K, reserved 1179648K
  class space    used 16282K, committed 16640K, reserved 1048576K
}
Event: 4831.726 GC heap after
{Heap after GC invocations=79 (full 4):
 garbage-first heap   total 266240K, used 59574K [0x0000000701a00000, 0x0000000800000000)
  region size 2048K, 2 young (4096K), 2 survivors (4096K)
 Metaspace       used 115127K, committed 115968K, reserved 1179648K
  class space    used 16282K, committed 16640K, reserved 1048576K
}
Event: 5435.579 GC heap before
{Heap before GC invocations=80 (full 4):
 garbage-first heap   total 225280K, used 190646K [0x0000000701a00000, 0x0000000800000000)
  region size 2048K, 66 young (135168K), 2 survivors (4096K)
 Metaspace       used 114946K, committed 115904K, reserved 1179648K
  class space    used 16252K, committed 16640K, reserved 1048576K
}
Event: 5435.756 GC heap after
{Heap after GC invocations=81 (full 4):
 garbage-first heap   total 225280K, used 59475K [0x0000000701a00000, 0x0000000800000000)
  region size 2048K, 2 young (4096K), 2 survivors (4096K)
 Metaspace       used 114946K, committed 115904K, reserved 1179648K
  class space    used 16252K, committed 16640K, reserved 1048576K
}
Event: 5463.240 GC heap before
{Heap before GC invocations=81 (full 4):
 garbage-first heap   total 225280K, used 65619K [0x0000000701a00000, 0x0000000800000000)
  region size 2048K, 5 young (10240K), 2 survivors (4096K)
 Metaspace       used 114946K, committed 115904K, reserved 1179648K
  class space    used 16252K, committed 16640K, reserved 1048576K
}
Event: 5463.266 GC heap after
{Heap after GC invocations=82 (full 4):
 garbage-first heap   total 225280K, used 56326K [0x0000000701a00000, 0x0000000800000000)
  region size 2048K, 1 young (2048K), 1 survivors (2048K)
 Metaspace       used 114946K, committed 115904K, reserved 1179648K
  class space    used 16252K, committed 16640K, reserved 1048576K
}
Event: 6021.479 GC heap before
{Heap before GC invocations=82 (full 4):
 garbage-first heap   total 225280K, used 185350K [0x0000000701a00000, 0x0000000800000000)
  region size 2048K, 64 young (131072K), 1 survivors (2048K)
 Metaspace       used 115017K, committed 115904K, reserved 1179648K
  class space    used 16268K, committed 16640K, reserved 1048576K
}
Event: 6021.658 GC heap after
{Heap after GC invocations=83 (full 4):
 garbage-first heap   total 225280K, used 57429K [0x0000000701a00000, 0x0000000800000000)
  region size 2048K, 2 young (4096K), 2 survivors (4096K)
 Metaspace       used 115017K, committed 115904K, reserved 1179648K
  class space    used 16268K, committed 16640K, reserved 1048576K
}
Event: 6532.341 GC heap before
{Heap before GC invocations=84 (full 4):
 garbage-first heap   total 212992K, used 180309K [0x0000000701a00000, 0x0000000800000000)
  region size 2048K, 62 young (126976K), 2 survivors (4096K)
 Metaspace       used 115352K, committed 116224K, reserved 1179648K
  class space    used 16323K, committed 16704K, reserved 1048576K
}
Event: 6532.382 GC heap after
{Heap after GC invocations=85 (full 4):
 garbage-first heap   total 212992K, used 58347K [0x0000000701a00000, 0x0000000800000000)
  region size 2048K, 2 young (4096K), 2 survivors (4096K)
 Metaspace       used 115352K, committed 116224K, reserved 1179648K
  class space    used 16323K, committed 16704K, reserved 1048576K
}
Event: 6554.199 GC heap before
{Heap before GC invocations=85 (full 4):
 garbage-first heap   total 212992K, used 64491K [0x0000000701a00000, 0x0000000800000000)
  region size 2048K, 5 young (10240K), 2 survivors (4096K)
 Metaspace       used 115365K, committed 116224K, reserved 1179648K
  class space    used 16326K, committed 16704K, reserved 1048576K
}
Event: 6554.351 GC heap after
{Heap after GC invocations=86 (full 4):
 garbage-first heap   total 212992K, used 57205K [0x0000000701a00000, 0x0000000800000000)
  region size 2048K, 1 young (2048K), 1 survivors (2048K)
 Metaspace       used 115365K, committed 116224K, reserved 1179648K
  class space    used 16326K, committed 16704K, reserved 1048576K
}
Event: 7054.058 GC heap before
{Heap before GC invocations=86 (full 4):
 garbage-first heap   total 212992K, used 175989K [0x0000000701a00000, 0x0000000800000000)
  region size 2048K, 59 young (120832K), 1 survivors (2048K)
 Metaspace       used 115554K, committed 116480K, reserved 1179648K
  class space    used 16369K, committed 16768K, reserved 1048576K
}
Event: 7054.201 GC heap after
{Heap after GC invocations=87 (full 4):
 garbage-first heap   total 212992K, used 57674K [0x0000000701a00000, 0x0000000800000000)
  region size 2048K, 1 young (2048K), 1 survivors (2048K)
 Metaspace       used 115554K, committed 116480K, reserved 1179648K
  class space    used 16369K, committed 16768K, reserved 1048576K
}

