# JRE version: Java(TM) SE Runtime Environment (17.0.12+8) (build 17.0.12+8-LTS-286)
# Java VM: Java HotSpot(TM) 64-Bit Server VM (17.0.12+8-LTS-286, mixed mode, sharing, tiered, compressed oops, compressed class ptrs, g1 gc, windows-amd64)
GC Precious Log:
 CPUs: 8 total, 8 available
 Memory: 16278M
 Large Page Support: Disabled
 NUMA Support: Disabled
 Compressed Oops: Enabled (32-bit)
 Heap Region Size: 1M
 Heap Min Capacity: 256M
 Heap Initial Capacity: 256M
 Heap Max Capacity: 512M
 Pre-touch: Disabled
 Parallel Workers: 8
 Concurrent Workers: 2
 Concurrent Refinement Workers: 8
 Periodic GC: Disabled
Heap:
 garbage-first heap   total 378880K, used 285354K [0x00000000e0000000, 0x0000000100000000)
  region size 1024K, 184 young (188416K), 11 survivors (11264K)
 Metaspace       used 84863K, committed 86080K, reserved 458752K
  class space    used 11033K, committed 11584K, reserved 327680K
GC Heap History (20 events):
Event: 8823.738 GC heap before
{Heap before GC invocations=101 (full 0):
 garbage-first heap   total 386048K, used 126877K [0x00000000e0000000, 0x0000000100000000)
  region size 1024K, 18 young (18432K), 10 survivors (10240K)
 Metaspace       used 82825K, committed 84096K, reserved 458752K
  class space    used 10800K, committed 11392K, reserved 327680K
}
Event: 8823.989 GC heap after
{Heap after GC invocations=102 (full 0):
 garbage-first heap   total 386048K, used 101009K [0x00000000e0000000, 0x0000000100000000)
  region size 1024K, 3 young (3072K), 3 survivors (3072K)
 Metaspace       used 82825K, committed 84096K, reserved 458752K
  class space    used 10800K, committed 11392K, reserved 327680K
}
Event: 8824.175 GC heap before
{Heap before GC invocations=102 (full 0):
 garbage-first heap   total 386048K, used 115345K [0x00000000e0000000, 0x0000000100000000)
  region size 1024K, 18 young (18432K), 3 survivors (3072K)
 Metaspace       used 82825K, committed 84096K, reserved 458752K
  class space    used 10800K, committed 11392K, reserved 327680K
}
Event: 8824.191 GC heap after
{Heap after GC invocations=103 (full 0):
 garbage-first heap   total 392192K, used 101471K [0x00000000e0000000, 0x0000000100000000)
  region size 1024K, 3 young (3072K), 3 survivors (3072K)
 Metaspace       used 82825K, committed 84096K, reserved 458752K
  class space    used 10800K, committed 11392K, reserved 327680K
}
Event: 8928.667 GC heap before
{Heap before GC invocations=103 (full 0):
 garbage-first heap   total 392192K, used 210015K [0x00000000e0000000, 0x0000000100000000)
  region size 1024K, 110 young (112640K), 3 survivors (3072K)
 Metaspace       used 82947K, committed 84096K, reserved 458752K
  class space    used 10822K, committed 11392K, reserved 327680K
}
Event: 8928.824 GC heap after
{Heap after GC invocations=104 (full 0):
 garbage-first heap   total 392192K, used 110429K [0x00000000e0000000, 0x0000000100000000)
  region size 1024K, 12 young (12288K), 12 survivors (12288K)
 Metaspace       used 82947K, committed 84096K, reserved 458752K
  class space    used 10822K, committed 11392K, reserved 327680K
}
Event: 8929.748 GC heap before
{Heap before GC invocations=104 (full 0):
 garbage-first heap   total 392192K, used 131933K [0x00000000e0000000, 0x0000000100000000)
  region size 1024K, 34 young (34816K), 12 survivors (12288K)
 Metaspace       used 82952K, committed 84096K, reserved 458752K
  class space    used 10822K, committed 11392K, reserved 327680K
}
Event: 8929.802 GC heap after
{Heap after GC invocations=105 (full 0):
 garbage-first heap   total 392192K, used 112446K [0x00000000e0000000, 0x0000000100000000)
  region size 1024K, 4 young (4096K), 4 survivors (4096K)
 Metaspace       used 82952K, committed 84096K, reserved 458752K
  class space    used 10822K, committed 11392K, reserved 327680K
}
Event: 8953.760 GC heap before
{Heap before GC invocations=106 (full 0):
 garbage-first heap   total 378880K, used 311102K [0x00000000e0000000, 0x0000000100000000)
  region size 1024K, 199 young (203776K), 4 survivors (4096K)
 Metaspace       used 82998K, committed 84224K, reserved 458752K
  class space    used 10827K, committed 11392K, reserved 327680K
}
Event: 8953.860 GC heap after
{Heap after GC invocations=107 (full 0):
 garbage-first heap   total 378880K, used 122548K [0x00000000e0000000, 0x0000000100000000)
  region size 1024K, 15 young (15360K), 15 survivors (15360K)
 Metaspace       used 82998K, committed 84224K, reserved 458752K
  class space    used 10827K, committed 11392K, reserved 327680K
}
Event: 8953.900 GC heap before
{Heap before GC invocations=107 (full 0):
 garbage-first heap   total 378880K, used 124596K [0x00000000e0000000, 0x0000000100000000)
  region size 1024K, 18 young (18432K), 15 survivors (15360K)
 Metaspace       used 82998K, committed 84224K, reserved 458752K
  class space    used 10827K, committed 11392K, reserved 327680K
}
Event: 8954.081 GC heap after
{Heap after GC invocations=108 (full 0):
 garbage-first heap   total 378880K, used 115838K [0x00000000e0000000, 0x0000000100000000)
  region size 1024K, 2 young (2048K), 2 survivors (2048K)
 Metaspace       used 82998K, committed 84224K, reserved 458752K
  class space    used 10827K, committed 11392K, reserved 327680K
}
Event: 9001.152 GC heap before
{Heap before GC invocations=108 (full 0):
 garbage-first heap   total 378880K, used 276606K [0x00000000e0000000, 0x0000000100000000)
  region size 1024K, 160 young (163840K), 2 survivors (2048K)
 Metaspace       used 83059K, committed 84288K, reserved 458752K
  class space    used 10830K, committed 11392K, reserved 327680K
}
Event: 9001.250 GC heap after
{Heap after GC invocations=109 (full 0):
 garbage-first heap   total 378880K, used 128979K [0x00000000e0000000, 0x0000000100000000)
  region size 1024K, 15 young (15360K), 15 survivors (15360K)
 Metaspace       used 83059K, committed 84288K, reserved 458752K
  class space    used 10830K, committed 11392K, reserved 327680K
}
Event: 9799.892 GC heap before
{Heap before GC invocations=110 (full 0):
 garbage-first heap   total 378880K, used 197587K [0x00000000e0000000, 0x0000000100000000)
  region size 1024K, 86 young (88064K), 15 survivors (15360K)
 Metaspace       used 83090K, committed 84288K, reserved 458752K
  class space    used 10831K, committed 11392K, reserved 327680K
}
Event: 9799.982 GC heap after
{Heap after GC invocations=111 (full 0):
 garbage-first heap   total 378880K, used 117810K [0x00000000e0000000, 0x0000000100000000)
  region size 1024K, 6 young (6144K), 6 survivors (6144K)
 Metaspace       used 83090K, committed 84288K, reserved 458752K
  class space    used 10831K, committed 11392K, reserved 327680K
}
Event: 9800.398 GC heap before
{Heap before GC invocations=111 (full 0):
 garbage-first heap   total 378880K, used 130098K [0x00000000e0000000, 0x0000000100000000)
  region size 1024K, 18 young (18432K), 6 survivors (6144K)
 Metaspace       used 83090K, committed 84288K, reserved 458752K
  class space    used 10831K, committed 11392K, reserved 327680K
}
Event: 9800.615 GC heap after
{Heap after GC invocations=112 (full 0):
 garbage-first heap   total 378880K, used 101095K [0x00000000e0000000, 0x0000000100000000)
  region size 1024K, 3 young (3072K), 3 survivors (3072K)
 Metaspace       used 83090K, committed 84288K, reserved 458752K
  class space    used 10831K, committed 11392K, reserved 327680K
}
Event: 9803.630 GC heap before
{Heap before GC invocations=112 (full 0):
 garbage-first heap   total 378880K, used 213735K [0x00000000e0000000, 0x0000000100000000)
  region size 1024K, 115 young (117760K), 3 survivors (3072K)
 Metaspace       used 83253K, committed 84416K, reserved 458752K
  class space    used 10842K, committed 11392K, reserved 327680K
}
Event: 9803.681 GC heap after
{Heap after GC invocations=113 (full 0):
 garbage-first heap   total 378880K, used 109226K [0x00000000e0000000, 0x0000000100000000)
  region size 1024K, 11 young (11264K), 11 survivors (11264K)
 Metaspace       used 83253K, committed 84416K, reserved 458752K
  class space    used 10842K, committed 11392K, reserved 327680K
}

