# JRE version: Java(TM) SE Runtime Environment (17.0.12+8) (build 17.0.12+8-LTS-286)
# Java VM: Java HotSpot(TM) 64-Bit Server VM (17.0.12+8-LTS-286, mixed mode, sharing, tiered, compressed oops, compressed class ptrs, g1 gc, windows-amd64)
GC Precious Log:
 CPUs: 8 total, 8 available
 Memory: 16278M
 Large Page Support: Disabled
 NUMA Support: Disabled
 Compressed Oops: Enabled (32-bit)
 Heap Region Size: 1M
 Heap Min Capacity: 256M
 Heap Initial Capacity: 256M
 Heap Max Capacity: 512M
 Pre-touch: Disabled
 Parallel Workers: 8
 Concurrent Workers: 2
 Concurrent Refinement Workers: 8
 Periodic GC: Disabled
Heap:
 garbage-first heap   total 378880K, used 136252K [0x00000000e0000000, 0x0000000100000000)
  region size 1024K, 20 young (20480K), 3 survivors (3072K)
 Metaspace       used 74800K, committed 76224K, reserved 458752K
  class space    used 9884K, committed 10624K, reserved 327680K
GC Heap History (20 events):
Event: 5360.305 GC heap before
{Heap before GC invocations=74 (full 0):
 garbage-first heap   total 342016K, used 112214K [0x00000000e0000000, 0x0000000100000000)
  region size 1024K, 16 young (16384K), 4 survivors (4096K)
 Metaspace       used 74120K, committed 75968K, reserved 458752K
  class space    used 9836K, committed 10624K, reserved 327680K
}
Event: 5360.336 GC heap after
{Heap after GC invocations=75 (full 0):
 garbage-first heap   total 342016K, used 97606K [0x00000000e0000000, 0x0000000100000000)
  region size 1024K, 2 young (2048K), 2 survivors (2048K)
 Metaspace       used 74120K, committed 75968K, reserved 458752K
  class space    used 9836K, committed 10624K, reserved 327680K
}
Event: 5466.134 GC heap before
{Heap before GC invocations=75 (full 0):
 garbage-first heap   total 342016K, used 268614K [0x00000000e0000000, 0x0000000100000000)
  region size 1024K, 170 young (174080K), 2 survivors (2048K)
 Metaspace       used 74174K, committed 75968K, reserved 458752K
  class space    used 9839K, committed 10624K, reserved 327680K
}
Event: 5466.272 GC heap after
{Heap after GC invocations=76 (full 0):
 garbage-first heap   total 342016K, used 112208K [0x00000000e0000000, 0x0000000100000000)
  region size 1024K, 16 young (16384K), 16 survivors (16384K)
 Metaspace       used 74174K, committed 75968K, reserved 458752K
  class space    used 9839K, committed 10624K, reserved 327680K
}
Event: 5844.281 GC heap before
{Heap before GC invocations=77 (full 0):
 garbage-first heap   total 342016K, used 165456K [0x00000000e0000000, 0x0000000100000000)
  region size 1024K, 70 young (71680K), 16 survivors (16384K)
 Metaspace       used 74193K, committed 75968K, reserved 458752K
  class space    used 9839K, committed 10624K, reserved 327680K
}
Event: 5844.409 GC heap after
{Heap after GC invocations=78 (full 0):
 garbage-first heap   total 342016K, used 102061K [0x00000000e0000000, 0x0000000100000000)
  region size 1024K, 5 young (5120K), 5 survivors (5120K)
 Metaspace       used 74193K, committed 75968K, reserved 458752K
  class space    used 9839K, committed 10624K, reserved 327680K
}
Event: 5844.882 GC heap before
{Heap before GC invocations=78 (full 0):
 garbage-first heap   total 342016K, used 112301K [0x00000000e0000000, 0x0000000100000000)
  region size 1024K, 16 young (16384K), 5 survivors (5120K)
 Metaspace       used 74201K, committed 75968K, reserved 458752K
  class space    used 9840K, committed 10624K, reserved 327680K
}
Event: 5844.996 GC heap after
{Heap after GC invocations=79 (full 0):
 garbage-first heap   total 342016K, used 93610K [0x00000000e0000000, 0x0000000100000000)
  region size 1024K, 2 young (2048K), 2 survivors (2048K)
 Metaspace       used 74201K, committed 75968K, reserved 458752K
  class space    used 9840K, committed 10624K, reserved 327680K
}
Event: 5871.321 GC heap before
{Heap before GC invocations=79 (full 0):
 garbage-first heap   total 342016K, used 272810K [0x00000000e0000000, 0x0000000100000000)
  region size 1024K, 178 young (182272K), 2 survivors (2048K)
 Metaspace       used 74252K, committed 75968K, reserved 458752K
  class space    used 9844K, committed 10624K, reserved 327680K
}
Event: 5871.514 GC heap after
{Heap after GC invocations=80 (full 0):
 garbage-first heap   total 410624K, used 103798K [0x00000000e0000000, 0x0000000100000000)
  region size 1024K, 12 young (12288K), 12 survivors (12288K)
 Metaspace       used 74252K, committed 75968K, reserved 458752K
  class space    used 9844K, committed 10624K, reserved 327680K
}
Event: 5892.770 GC heap before
{Heap before GC invocations=81 (full 0):
 garbage-first heap   total 410624K, used 193910K [0x00000000e0000000, 0x0000000100000000)
  region size 1024K, 103 young (105472K), 12 survivors (12288K)
 Metaspace       used 74281K, committed 76032K, reserved 458752K
  class space    used 9844K, committed 10624K, reserved 327680K
}
Event: 5892.833 GC heap after
{Heap after GC invocations=82 (full 0):
 garbage-first heap   total 410624K, used 98891K [0x00000000e0000000, 0x0000000100000000)
  region size 1024K, 5 young (5120K), 5 survivors (5120K)
 Metaspace       used 74281K, committed 76032K, reserved 458752K
  class space    used 9844K, committed 10624K, reserved 327680K
}
Event: 5893.073 GC heap before
{Heap before GC invocations=82 (full 0):
 garbage-first heap   total 410624K, used 114251K [0x00000000e0000000, 0x0000000100000000)
  region size 1024K, 20 young (20480K), 5 survivors (5120K)
 Metaspace       used 74288K, committed 76032K, reserved 458752K
  class space    used 9845K, committed 10624K, reserved 327680K
}
Event: 5893.082 GC heap after
{Heap after GC invocations=83 (full 0):
 garbage-first heap   total 410624K, used 92540K [0x00000000e0000000, 0x0000000100000000)
  region size 1024K, 2 young (2048K), 2 survivors (2048K)
 Metaspace       used 74288K, committed 76032K, reserved 458752K
  class space    used 9845K, committed 10624K, reserved 327680K
}
Event: 5910.959 GC heap before
{Heap before GC invocations=83 (full 0):
 garbage-first heap   total 410624K, used 324988K [0x00000000e0000000, 0x0000000100000000)
  region size 1024K, 229 young (234496K), 2 survivors (2048K)
 Metaspace       used 74330K, committed 76032K, reserved 458752K
  class space    used 9849K, committed 10624K, reserved 327680K
}
Event: 5910.976 GC heap after
{Heap after GC invocations=84 (full 0):
 garbage-first heap   total 410624K, used 101845K [0x00000000e0000000, 0x0000000100000000)
  region size 1024K, 11 young (11264K), 11 survivors (11264K)
 Metaspace       used 74330K, committed 76032K, reserved 458752K
  class space    used 9849K, committed 10624K, reserved 327680K
}
Event: 5940.402 GC heap before
{Heap before GC invocations=85 (full 0):
 garbage-first heap   total 378880K, used 317909K [0x00000000e0000000, 0x0000000100000000)
  region size 1024K, 222 young (227328K), 11 survivors (11264K)
 Metaspace       used 74781K, committed 76224K, reserved 458752K
  class space    used 9884K, committed 10624K, reserved 327680K
}
Event: 5940.680 GC heap after
{Heap after GC invocations=86 (full 0):
 garbage-first heap   total 378880K, used 123262K [0x00000000e0000000, 0x0000000100000000)
  region size 1024K, 28 young (28672K), 28 survivors (28672K)
 Metaspace       used 74781K, committed 76224K, reserved 458752K
  class space    used 9884K, committed 10624K, reserved 327680K
}
Event: 5940.786 GC heap before
{Heap before GC invocations=86 (full 0):
 garbage-first heap   total 378880K, used 124286K [0x00000000e0000000, 0x0000000100000000)
  region size 1024K, 29 young (29696K), 28 survivors (28672K)
 Metaspace       used 74783K, committed 76224K, reserved 458752K
  class space    used 9884K, committed 10624K, reserved 327680K
}
Event: 5941.217 GC heap after
{Heap after GC invocations=87 (full 0):
 garbage-first heap   total 378880K, used 119868K [0x00000000e0000000, 0x0000000100000000)
  region size 1024K, 3 young (3072K), 3 survivors (3072K)
 Metaspace       used 74783K, committed 76224K, reserved 458752K
  class space    used 9884K, committed 10624K, reserved 327680K
}

